avg 5
0.6784007973507393
avg 10
0.8281033983860115
avg 20
0.9184483811850968
avg 30
0.946731826511915
avg 40
0.9595923222840269
avg 50
0.9680738192457333
test_models/model_01_e500_Actthes_50_seqLen_10_FE_.hdf5
['12', '13']
['07']

avg 5
0.6482911616242815
avg 10
0.8011156480082334
avg 20
0.9025978201459702
avg 30
0.9389833778092174
avg 40
0.955763109667881
avg 50
0.9659164710799619
test_models/model_01_e500_Actthes_50_seqLen_10_FE_.hdf5
['12', '13']
['07']


avg 5
0.6842522422304124
avg 10
0.8237780713342194
avg 20
0.9125333147929319
avg 30
0.9450114718765263
avg 40
0.9598785603374378
avg 50
0.9686667130176845
test_models/model_01_e500_Actthes_30_seqLen_10_FE_.hdf5
['12', '13']
['07']

avg 5
0.7111787005201468
avg 10
0.8428436039848438
avg 20
0.9239310588027897
avg 30
0.9482786740721162
avg 40
0.9600811072908404
avg 50
0.967662875782422
test_models/model_01_e500_Actthes_20_seqLen_10_FE_.hdf5
['12', '13']
['07']

avg 5
0.6831728443916821
avg 10
0.8253462603878171
avg 20
0.9114452798663357
avg 30
0.9424812030075204
avg 40
0.9572747658620262
avg 50
0.9664797959811835
test_models/model_01_e500_Actthes_10_seqLen_10_FE_.hdf5
['12', '13']
['07']

avg 5
0.25095067511711205
avg 10
0.3979502723784896
avg 20
0.561373126735487
avg 30
0.6526548953939435
avg 40
0.712417067638893
avg 50
0.7558110943892186
test_models/model_01_e500_Actthes_30_seqLen_10_FE_.hdf5
['20', '21', '23', '25', '27']
[]

avg 5
0.7723880472364691
avg 10
0.9102423624914345
avg 20
0.9712188277739727
avg 30
0.9861581118776005
avg 40
0.9921645592877794
avg 50
0.9946048873373544
test_models/model_01_e500_Actthes_70_seqLen_10_FE_.hdf5
['21', '23', '25', '27']
[]
avg 5
0.5228070175438597
avg 10
0.7210526315789474
avg 20
0.8521303258145364
avg 30
0.905263157894737
avg 40
0.9363408521303256
avg 50
0.955889724310777
test_models/model_01_e500_Actthes_80_seqLen_10_FE_NoSD_.hdf5
['21', '20', '23', '25', '27']
['22']

avg 5
0.6470475616457777
avg 10
0.8095637375689099
avg 20
0.9175985180195319
avg 30
0.9533096381911329
avg 40
0.9694439027849191
avg 50
0.9785449646345594
test_models/model_01_e500_Actthes_70_seqLen_10_FE_.hdf5
['21', '23', '25', '27']
['20']

avg 5
0.655103084566539
avg 10
0.8143016551980579
avg 20
0.920050346714842
avg 30
0.9543319429315383
avg 40
0.9692938175828311
avg 50
0.9778833125215917
test_models/model_01_e500_Actthes_30_seqLen_10_FE_.hdf5
['21', '23', '25', '27']
['20']

avg 5
0.6683865705589391
avg 10
0.8253071888490253
avg 20
0.9256506833418465
avg 30
0.9567588177954054
avg 40
0.9705688878868493
avg 50
0.978947368421058
test_models/model_01_e500_Actthes_20_seqLen_10_FE_.hdf5
['21', '23', '25', '27']
['20']

avg 5
0.7110383814340961
avg 10
0.8457142558866705
avg 20
0.9287518856647887
avg 30
0.9470928138555376
avg 40
0.9525924301977904
avg 50
0.9549846797893342
test_models/model_01_e500_Actthes_80_seqLen_15_FE_.hdf5
['21', '20', '23', '25', '27']
['22']

0.667532265446225
avg 10
0.8113116704805432
avg 20
0.9068778032036595
avg 30
0.9368466819221971
avg 40
0.947697025171627
avg 50
0.9527469107551507
test_models/model_01_e500_Actthes_80_seqLen_10_FE_SD_.hdf5
['21', '20', '23', '25', '27']
['22']


avg 5
0.9393483709273183
avg 10
0.969674185463659
avg 20
0.9892230576441102
avg 30
0.9934837092731829
avg 40
0.9977443609022556
avg 50
0.9992481203007518
test_models/model_01_e500_Actthes_80_seqLen_10_FE_NoSD_.hdf5
['21', '20', '23', '25', '27', '22']
['22']

avg 5
0.7681693363844356
avg 10
0.8810764302059444
avg 20
0.9401940503432575
avg 30
0.9541418764302128
avg 40
0.9570032036613314
avg 50
0.9579972540045778
test_models/model_01_e500_Actthes_80_seqLen_10_FE_SD_.hdf5
['21', '20', '23', '25', '27', '22']
['22']

avg 5
0.6851330585826998
avg 10
0.8391666259427601
avg 20
0.9322365027393761
avg 30
0.9569526570992759
avg 40
0.9683276591354731
avg 50
0.975692170692915
test_models/model_01_e500_Actthes_70_seqLen_15_FE_SD_.hdf5
['23', '25', '27', '22']
['20']

avg 5
0.7068627930085177
avg 10
0.8544978199134533
avg 20
0.9426753978725992
avg 30
0.965496533037963
avg 40
0.9758105415193958
avg 50
0.9824822036521322
test_models/model_01_e1000_Actthes_70_seqLen_15_FE_SD_.hdf5
['23', '25', '27', '22']
['20']

avg 5
0.32190152801358235
avg 10
0.5286926994906621
avg 20
0.7328805885681945
avg 30
0.8313525749858516
avg 40
0.8829654782116582
avg 50
0.9092246745897002
test_models/model_01_e1000_Actthes_50_seqLen_15_FE_NoSD_.hdf5
['23', '25', '27', '22']
['20']
avg 5
0.7030970282849972
avg 10
0.8538474946765477
avg 20
0.9427516158818234
avg 30
0.9654121205268936
avg 40
0.9756538903650261
avg 50
0.9821913807074206
test_models/model_01_e1000_Actthes_50_seqLen_15_FE_SD_.hdf5
['23', '25', '27', '22']
['20']
avg 5
0.41112001662362346
avg 10
0.6888710778638645
avg 20
0.8962804642740524
avg 30
0.9569923115741978
avg 40
0.977754029744412
avg 50
0.9872413690741237
test_models/model_01_e500_Actthes_50_seqLen_15_FE_SD_.hdf5
['35']
[]
avg 5
0.48085611660284416
avg 10
0.7684091786148962
avg 20
0.9338795381007512
avg 30
0.969857808650221
avg 40
0.9824264553091698
avg 50
0.9887731172262302
test_models/model_01_e500_Actthes_50_seqLen_15_FE_SD_.hdf5
['35']
[]
==============================================================================================
avg 5
0.3204678362573099
avg 10
0.5128654970760234
avg 20
0.7289473684210527
avg 30
0.8298245614035089
avg 40
0.9084795321637427
avg 50
0.9590643274853802
test_models/model_01_e500_Actthes_50_seqLen_15_FE_NoSD_.hdf5
['02', '03', '01']
[]

avg 5
0.5828561261165075
avg 10
0.7643016262766473
avg 20
0.8831643002028434
avg 30
0.9265577737447118
avg 40
0.9494765310843064
avg 50
0.9630561189993257
test_models/model_01_e500_Actthes_50_seqLen_15_FE_SD_.hdf5
['02', '03', '01']
[]
avg 5
0.5789229232208142
avg 10
0.759959824844826
avg 20
0.8798507779950703
avg 30
0.9222759544256464
avg 40
0.9454457529121679
avg 50
0.9605443839809542
test_models/model_01_e500_Actthes_50_seqLen_20_FE_SD_.hdf5
['02', '03', '01']
[]

avg 5
0.7076875968154482
avg 10
0.8501603083684601
avg 20
0.9310025577290266
avg 30
0.9551712957959602
avg 40
0.9665081595158336
avg 50
0.9742569977304666
test_models/model_01_e500_Actthes_70_seqLen_10_FE_SD_.hdf5
['02', '03', '01']
[]
avg 5
0.5022949163954661
avg 10
0.7095069763962161
avg 20
0.8643474357535653
avg 30
0.9191916358059337
avg 40
0.9457243855908437
avg 50
0.9611023828227289
test_models/model_01_e500_Actthes_70_seqLen_10_FE_SD_.hdf5
['02', '01']
['03']
0.5278287948477186
avg 10
0.7332601233958815
avg 20
0.8783250839527041
avg 30
0.9252271895341698
avg 40
0.9472697467891137
avg 50
0.9611212791579842
test_models/model_01_e500_Actthes_70_seqLen_15_FE_SD_.hdf5
['02', '01']
['03']
avg 5
0.008164234208571357
avg 10
0.034696180119193426
avg 20
0.07265704854303877
avg 30
0.10530616576461833
avg 40
0.144817551679262
avg 50
0.17375458704066873
test_models/model_01_e500_Actthes_70_seqLen_30_FE_SD_.hdf5
['02', '01']
['03']

avg 5
0.2442315343847976
avg 10
0.3552124944959923
avg 20
0.48350176924015364
avg 30
0.5303465800879564
avg 40
0.5989209491827534
avg 50
0.6936461201385671
test_models/model_01_e500_Actthes_70_seqLen_15_FE_SD_.hdf5
['02', '01']
['03']

avg 5
0.5723436198600538
avg 10
0.7766120775176532
avg 20
0.9029660634804468
avg 30
0.9392516671176057
avg 40
0.956271386055104
avg 50
0.9667945188038156
test_models/model_01_e1000_Actthes_70_seqLen_15_FE_SD_.hdf5
['02', '01']
['03']
avg 5
0.32826510721247576
avg 10
0.6077972709551658
avg 20
0.8226120857699804
avg 30
0.9368421052631578
avg 40
0.978167641325536
avg 50
0.9898635477582844
test_models/model_01_e1000_Actthes_70_seqLen_15_FE_NoSD_.hdf5
['02', '01', '03']
[]

avg 5
0.42963054695562447
avg 10
0.6906460268317866
avg 20
0.9026976264189928
avg 30
0.9460557275541824
avg 40
0.9631228070175464
avg 50
0.9740866873065023
test_models/model_01_e1000_Actthes_70_seqLen_15_FE_SD_.hdf5
['02', '01', '03']
[]

kp  0  &  0.7553 & 0.8993 & 0.9443 & 0.959 & 0.9717 & 0.981  \ \hline
kp  1  &  0.0383 & 0.4885 & 0.9038 & 0.9498 & 0.9649 & 0.9724  \ \hline
kp  2  &  0.7626 & 0.9033 & 0.9437 & 0.9583 & 0.9688 & 0.9796  \ \hline
kp  3  &  0.6502 & 0.8436 & 0.9426 & 0.9665 & 0.9766 & 0.9828  \ \hline
kp  4  &  0.6055 & 0.7786 & 0.9001 & 0.9482 & 0.9681 & 0.9772  \ \hline
kp  5  &  0.3149 & 0.5845 & 0.8135 & 0.9013 & 0.9415 & 0.9625  \ \hline
kp  6  &  0.6866 & 0.8678 & 0.9485 & 0.9653 & 0.9765 & 0.9862  \ \hline
kp  7  &  0.5571 & 0.7794 & 0.9194 & 0.9587 & 0.9747 & 0.9837  \ \hline
kp  8  &  0.4132 & 0.6572 & 0.8617 & 0.9292 & 0.9583 & 0.974  \ \hline
kp  9  &  0.6419 & 0.8407 & 0.9364 & 0.9527 & 0.9618 & 0.9709  \ \hline
kp  10  &  0.5966 & 0.7596 & 0.8854 & 0.9321 & 0.9532 & 0.9632  \ \hline
kp  11  &  0.3031 & 0.5936 & 0.8204 & 0.9132 & 0.9386 & 0.9496  \ \hline
kp  12  &  0.6895 & 0.869 & 0.9404 & 0.9547 & 0.9663 & 0.9778  \ \hline
kp  13  &  0.5626 & 0.775 & 0.9169 & 0.9493 & 0.9631 & 0.9753  \ \hline
kp  14  &  0.437 & 0.6611 & 0.8627 & 0.9301 & 0.9552 & 0.9711  \ \hline
kp  15  &  0.0279 & 0.4281 & 0.8955 & 0.9493 & 0.9638 & 0.974  \ \hline
kp  16  &  0.0677 & 0.6447 & 0.925 & 0.9571 & 0.9709 & 0.983  \ \hline
kp  17  &  0.0204 & 0.2476 & 0.8729 & 0.9476 & 0.9617 & 0.9706  \ \hline
kp  18  &  0.0326 & 0.501 & 0.9182 & 0.9527 & 0.9638 & 0.9729  \ \hline
avg & &  0.4296 & 0.6907 & 0.9027 & 0.9461 & 0.9631 & 0.9741  \ \hline
test_models/model_01_e1000_Actthes_70_seqLen_15_FE_SD_.hdf5
['02', '01', '03']
[]

kp  0  &  0.7480 & 0.8822 & 0.9339 & 0.9519 & 0.9658 & 0.9746  \ \hline
kp  1  &  0.6546 & 0.8270 & 0.9273 & 0.9484 & 0.9614 & 0.9707  \ \hline
kp  2  &  0.7435 & 0.8832 & 0.9361 & 0.9542 & 0.9675 & 0.9780  \ \hline
kp  3  &  0.6703 & 0.8406 & 0.9263 & 0.9529 & 0.9683 & 0.9781  \ \hline
kp  4  &  0.6156 & 0.7802 & 0.8968 & 0.9398 & 0.9618 & 0.9727  \ \hline
kp  5  &  0.3259 & 0.5890 & 0.8076 & 0.8939 & 0.9330 & 0.9551  \ \hline
kp  6  &  0.6649 & 0.8491 & 0.9339 & 0.9556 & 0.9684 & 0.9805  \ \hline
kp  7  &  0.5393 & 0.7585 & 0.9044 & 0.9471 & 0.9663 & 0.9765  \ \hline
kp  8  &  0.4188 & 0.6476 & 0.8437 & 0.9162 & 0.9485 & 0.9664  \ \hline
kp  9  &  0.6654 & 0.8353 & 0.9264 & 0.9473 & 0.9605 & 0.9703  \ \hline
kp  10  &  0.6245 & 0.7786 & 0.8791 & 0.9272 & 0.9525 & 0.9656  \ \hline
kp  11  &  0.3115 & 0.5966 & 0.8159 & 0.9057 & 0.9340 & 0.9481  \ \hline
kp  12  &  0.6894 & 0.8598 & 0.9328 & 0.9525 & 0.9683 & 0.9785  \ \hline
kp  13  &  0.5753 & 0.7826 & 0.9090 & 0.9448 & 0.9621 & 0.9737  \ \hline
kp  14  &  0.4619 & 0.6786 & 0.8663 & 0.9281 & 0.9521 & 0.9668  \ \hline
kp  15  &  0.6629 & 0.8317 & 0.9274 & 0.9493 & 0.9630 & 0.9723  \ \hline
kp  16  &  0.7088 & 0.8610 & 0.9302 & 0.9521 & 0.9678 & 0.9767  \ \hline
kp  17  &  0.6579 & 0.8285 & 0.9269 & 0.9483 & 0.9608 & 0.9701  \ \hline
kp  18  &  0.6950 & 0.8608 & 0.9312 & 0.9491 & 0.9629 & 0.9715  \ \hline
avg & &  0.6018 & 0.7880 & 0.9029 & 0.9402 & 0.9592 & 0.9709  \ \hline
test_models/model_01_e1000_Actthes_70_seqLen_40_FE_SD_.hdf5
['02', '01', '03']
[]

kp  0  &  0.7698 & 0.9026 & 0.9511 & 0.9658 & 0.9748 & 0.9816  \ \hline
kp  1  &  0.6612 & 0.8463 & 0.9452 & 0.9625 & 0.9710 & 0.9771  \ \hline
kp  2  &  0.7601 & 0.9025 & 0.9522 & 0.9671 & 0.9750 & 0.9815  \ \hline
kp  3  &  0.6680 & 0.8563 & 0.9483 & 0.9717 & 0.9810 & 0.9864  \ \hline
kp  4  &  0.6056 & 0.7845 & 0.9051 & 0.9571 & 0.9753 & 0.9827  \ \hline
kp  5  &  0.3196 & 0.5872 & 0.8178 & 0.9027 & 0.9400 & 0.9614  \ \hline
kp  6  &  0.6827 & 0.8711 & 0.9508 & 0.9700 & 0.9805 & 0.9873  \ \hline
kp  7  &  0.5637 & 0.7773 & 0.9169 & 0.9584 & 0.9767 & 0.9844  \ \hline
kp  8  &  0.4373 & 0.6639 & 0.8598 & 0.9269 & 0.9571 & 0.9740  \ \hline
kp  9  &  0.6589 & 0.8506 & 0.9444 & 0.9618 & 0.9705 & 0.9757  \ \hline
kp  10  &  0.5979 & 0.7650 & 0.8904 & 0.9394 & 0.9636 & 0.9725  \ \hline
kp  11  &  0.2985 & 0.5901 & 0.8169 & 0.9148 & 0.9465 & 0.9593  \ \hline
kp  12  &  0.6917 & 0.8765 & 0.9501 & 0.9637 & 0.9728 & 0.9800  \ \hline
kp  13  &  0.5676 & 0.7853 & 0.9259 & 0.9561 & 0.9682 & 0.9774  \ \hline
kp  14  &  0.4532 & 0.6723 & 0.8734 & 0.9385 & 0.9600 & 0.9730  \ \hline
kp  15  &  0.6721 & 0.8515 & 0.9455 & 0.9632 & 0.9723 & 0.9785  \ \hline
kp  16  &  0.7239 & 0.8810 & 0.9482 & 0.9660 & 0.9762 & 0.9843  \ \hline
kp  17  &  0.6658 & 0.8477 & 0.9459 & 0.9626 & 0.9706 & 0.9764  \ \hline
kp  18  &  0.7091 & 0.8810 & 0.9492 & 0.9631 & 0.9715 & 0.9775  \ \hline
avg & &  0.6056 & 0.7996 & 0.9177 & 0.9532 & 0.9686 & 0.9774  \ \hline
test_models/model_01_e1000_Actthes_70_seqLen_20_FE_SD_.hdf5
['02', '01', '03']
[]
kp  0  &  0.7513 & 0.8911 & 0.9444 & 0.9602 & 0.9717 & 0.9778  \ \hline
kp  1  &  0.6536 & 0.8333 & 0.9374 & 0.9568 & 0.9683 & 0.9760  \ \hline
kp  2  &  0.7447 & 0.8921 & 0.9452 & 0.9627 & 0.9718 & 0.9800  \ \hline
kp  3  &  0.6586 & 0.8443 & 0.9355 & 0.9621 & 0.9739 & 0.9817  \ \hline
kp  4  &  0.6050 & 0.7773 & 0.8992 & 0.9477 & 0.9678 & 0.9766  \ \hline
kp  5  &  0.3209 & 0.5882 & 0.8120 & 0.8990 & 0.9391 & 0.9597  \ \hline
kp  6  &  0.6676 & 0.8608 & 0.9435 & 0.9641 & 0.9745 & 0.9831  \ \hline
kp  7  &  0.5441 & 0.7645 & 0.9130 & 0.9573 & 0.9720 & 0.9817  \ \hline
kp  8  &  0.4188 & 0.6464 & 0.8546 & 0.9264 & 0.9573 & 0.9723  \ \hline
kp  9  &  0.6516 & 0.8433 & 0.9375 & 0.9564 & 0.9680 & 0.9749  \ \hline
kp  10  &  0.5931 & 0.7608 & 0.8865 & 0.9396 & 0.9618 & 0.9717  \ \hline
kp  11  &  0.2955 & 0.5826 & 0.8151 & 0.9104 & 0.9403 & 0.9541  \ \hline
kp  12  &  0.6891 & 0.8676 & 0.9436 & 0.9611 & 0.9740 & 0.9809  \ \hline
kp  13  &  0.5739 & 0.7831 & 0.9184 & 0.9523 & 0.9691 & 0.9792  \ \hline
kp  14  &  0.4657 & 0.6787 & 0.8730 & 0.9334 & 0.9584 & 0.9727  \ \hline
kp  15  &  0.6640 & 0.8377 & 0.9375 & 0.9578 & 0.9694 & 0.9766  \ \hline
kp  16  &  0.7115 & 0.8679 & 0.9412 & 0.9600 & 0.9726 & 0.9791  \ \hline
kp  17  &  0.6574 & 0.8348 & 0.9380 & 0.9569 & 0.9678 & 0.9756  \ \hline
kp  18  &  0.6976 & 0.8682 & 0.9418 & 0.9581 & 0.9697 & 0.9761  \ \hline
avg & &  0.5981 & 0.7907 & 0.9114 & 0.9486 & 0.9657 & 0.9752  \ \hline
test_models/model_01_e1000_Actthes_70_seqLen_25_FE_SD_.hdf5
['02', '01', '03']
[]

kp  1  &  0.7580 & 0.8866 & 0.9373 & 0.9547 & 0.9654 & 0.9748  \ \hline
kp  2  &  0.6631 & 0.8315 & 0.9315 & 0.9512 & 0.9620 & 0.9688  \ \hline
kp  3  &  0.7507 & 0.8873 & 0.9390 & 0.9561 & 0.9659 & 0.9759  \ \hline
kp  4  &  0.6680 & 0.8418 & 0.9300 & 0.9564 & 0.9703 & 0.9785  \ \hline
kp  5  &  0.6143 & 0.7760 & 0.8943 & 0.9426 & 0.9644 & 0.9740  \ \hline
kp  6  &  0.3116 & 0.5755 & 0.8023 & 0.8888 & 0.9316 & 0.9541  \ \hline
kp  7  &  0.6828 & 0.8597 & 0.9366 & 0.9590 & 0.9694 & 0.9806  \ \hline
kp  8  &  0.5584 & 0.7719 & 0.9096 & 0.9492 & 0.9669 & 0.9778  \ \hline
kp  9  &  0.4332 & 0.6620 & 0.8575 & 0.9215 & 0.9498 & 0.9665  \ \hline
kp  10  &  0.6719 & 0.8453 & 0.9322 & 0.9495 & 0.9613 & 0.9696  \ \hline
kp  11  &  0.6255 & 0.7772 & 0.8859 & 0.9331 & 0.9548 & 0.9653  \ \hline
kp  12  &  0.3134 & 0.6091 & 0.8155 & 0.9038 & 0.9336 & 0.9477  \ \hline
kp  13  &  0.6974 & 0.8637 & 0.9361 & 0.9536 & 0.9673 & 0.9770  \ \hline
kp  14  &  0.5828 & 0.7854 & 0.9127 & 0.9455 & 0.9617 & 0.9730  \ \hline
kp  15  &  0.4678 & 0.6847 & 0.8693 & 0.9303 & 0.9523 & 0.9671  \ \hline
kp  16  &  0.6712 & 0.8364 & 0.9316 & 0.9518 & 0.9629 & 0.9704  \ \hline
kp  17  &  0.7145 & 0.8664 & 0.9337 & 0.9544 & 0.9660 & 0.9767  \ \hline
kp  18  &  0.6648 & 0.8322 & 0.9322 & 0.9508 & 0.9612 & 0.9685  \ \hline
kp  19  &  0.7068 & 0.8645 & 0.9350 & 0.9522 & 0.9622 & 0.9709  \ \hline
avg & &  0.6082 & 0.7925 & 0.9064 & 0.9423 & 0.9594 & 0.9704  \ \hline
test_models/model_01_e1000_Actthes_70_seqLen_30_FE_SD_.hdf5
['02', '01', '03']
[]

kp  1  &  0.8461 & 0.9236 & 0.9758 & 0.9901 & 0.9960 & 0.9969  \ \hline
kp  2  &  0.7875 & 0.8991 & 0.9577 & 0.9774 & 0.9873 & 0.9952  \ \hline
kp  3  &  0.8324 & 0.9300 & 0.9765 & 0.9903 & 0.9947 & 0.9984  \ \hline
kp  4  &  0.7949 & 0.9170 & 0.9766 & 0.9921 & 0.9960 & 0.9965  \ \hline
kp  5  &  0.7294 & 0.8843 & 0.9598 & 0.9852 & 0.9946 & 0.9962  \ \hline
kp  6  &  0.5883 & 0.7804 & 0.9081 & 0.9514 & 0.9728 & 0.9847  \ \hline
kp  7  &  0.7951 & 0.9203 & 0.9773 & 0.9952 & 0.9982 & 0.9988  \ \hline
kp  8  &  0.6993 & 0.8751 & 0.9636 & 0.9868 & 0.9944 & 0.9975  \ \hline
kp  9  &  0.5928 & 0.7974 & 0.9363 & 0.9695 & 0.9845 & 0.9931  \ \hline
kp  10  &  0.7895 & 0.8950 & 0.9669 & 0.9824 & 0.9888 & 0.9923  \ \hline
kp  11  &  0.7305 & 0.8614 & 0.9358 & 0.9684 & 0.9844 & 0.9888  \ \hline
kp  12  &  0.5595 & 0.7493 & 0.8820 & 0.9376 & 0.9648 & 0.9765  \ \hline
kp  13  &  0.7872 & 0.9159 & 0.9719 & 0.9873 & 0.9919 & 0.9979  \ \hline
kp  14  &  0.7014 & 0.8695 & 0.9592 & 0.9816 & 0.9919 & 0.9967  \ \hline
kp  15  &  0.5939 & 0.7969 & 0.9348 & 0.9720 & 0.9834 & 0.9933  \ \hline
kp  16  &  0.7901 & 0.9007 & 0.9595 & 0.9784 & 0.9914 & 0.9965  \ \hline
kp  17  &  0.8142 & 0.9133 & 0.9697 & 0.9893 & 0.9957 & 0.9965  \ \hline
kp  18  &  0.7885 & 0.9004 & 0.9569 & 0.9789 & 0.9873 & 0.9949  \ \hline
kp  19  &  0.8138 & 0.9116 & 0.9658 & 0.9832 & 0.9921 & 0.9960  \ \hline
avg & &  0.7386 & 0.8759 & 0.9544 & 0.9788 & 0.9890 & 0.9940  \ \hline
test_models/model_01_e1000_Actthes_120_seqLen_15_FE_SD_.hdf5
['02', '01', '03']
[]
(405, 15, 1083)
kp  1  &  0.9030 & 0.9546 & 0.9901 & 0.9965 & 0.9992 & 1.0000  \ \hline
kp  2  &  0.8681 & 0.9350 & 0.9725 & 0.9835 & 0.9956 & 0.9980  \ \hline
kp  3  &  0.8966 & 0.9615 & 0.9908 & 0.9974 & 0.9990 & 0.9998  \ \hline
kp  4  &  0.8711 & 0.9468 & 0.9802 & 0.9908 & 0.9975 & 0.9990  \ \hline
kp  5  &  0.8481 & 0.9251 & 0.9691 & 0.9857 & 0.9936 & 0.9974  \ \hline
kp  6  &  0.7658 & 0.8703 & 0.9388 & 0.9692 & 0.9865 & 0.9933  \ \hline
kp  7  &  0.8779 & 0.9500 & 0.9850 & 0.9928 & 0.9987 & 0.9993  \ \hline
kp  8  &  0.8193 & 0.9198 & 0.9740 & 0.9865 & 0.9942 & 0.9977  \ \hline
kp  9  &  0.7388 & 0.8813 & 0.9544 & 0.9768 & 0.9870 & 0.9933  \ \hline
kp  10  &  0.8851 & 0.9460 & 0.9830 & 0.9898 & 0.9944 & 0.9969  \ \hline
kp  11  &  0.8436 & 0.9236 & 0.9689 & 0.9853 & 0.9895 & 0.9919  \ \hline
kp  12  &  0.7539 & 0.8624 & 0.9243 & 0.9528 & 0.9742 & 0.9829  \ \hline
kp  13  &  0.8831 & 0.9541 & 0.9852 & 0.9941 & 0.9970 & 0.9987  \ \hline
kp  14  &  0.8295 & 0.9305 & 0.9802 & 0.9913 & 0.9965 & 0.9982  \ \hline
kp  15  &  0.7518 & 0.8863 & 0.9613 & 0.9840 & 0.9936 & 0.9970  \ \hline
kp  16  &  0.8737 & 0.9363 & 0.9728 & 0.9853 & 0.9964 & 0.9985  \ \hline
kp  17  &  0.8920 & 0.9460 & 0.9809 & 0.9949 & 0.9987 & 1.0000  \ \hline
kp  18  &  0.8731 & 0.9358 & 0.9738 & 0.9858 & 0.9962 & 0.9980  \ \hline
kp  19  &  0.8863 & 0.9460 & 0.9834 & 0.9929 & 0.9972 & 0.9984  \ \hline
avg & &  0.8453 & 0.9269 & 0.9720 & 0.9861 & 0.9939 & 0.9968  \ \hline
test_models/model_01_e500_Actthes_120_seqLen_15_FE_SD_.hdf5
['02', '01', '03']
[]
kp  1  &  0.5527 & 0.7795 & 0.9117 & 0.9288 & 0.9443 & 0.9633  \ \hline
kp  2  &  0.4576 & 0.6943 & 0.8777 & 0.9186 & 0.9318 & 0.9458  \ \hline
kp  3  &  0.6326 & 0.8299 & 0.9170 & 0.9420 & 0.9545 & 0.9670  \ \hline
kp  4  &  0.4833 & 0.7080 & 0.8977 & 0.9322 & 0.9515 & 0.9617  \ \hline
kp  5  &  0.4640 & 0.6780 & 0.8473 & 0.9201 & 0.9481 & 0.9591  \ \hline
kp  6  &  0.3254 & 0.5644 & 0.7477 & 0.8523 & 0.9148 & 0.9451  \ \hline
kp  7  &  0.5705 & 0.7909 & 0.9208 & 0.9538 & 0.9652 & 0.9723  \ \hline
kp  8  &  0.5333 & 0.7508 & 0.9038 & 0.9527 & 0.9670 & 0.9712  \ \hline
kp  9  &  0.4617 & 0.6985 & 0.8739 & 0.9352 & 0.9625 & 0.9712  \ \hline
kp  10  &  0.4708 & 0.7394 & 0.8883 & 0.9235 & 0.9409 & 0.9519  \ \hline
kp  11  &  0.4455 & 0.7045 & 0.8689 & 0.9136 & 0.9367 & 0.9504  \ \hline
kp  12  &  0.2841 & 0.5227 & 0.7598 & 0.8583 & 0.9030 & 0.9318  \ \hline
kp  13  &  0.5898 & 0.8038 & 0.9148 & 0.9337 & 0.9492 & 0.9674  \ \hline
kp  14  &  0.5652 & 0.7682 & 0.8943 & 0.9333 & 0.9527 & 0.9625  \ \hline
kp  15  &  0.5246 & 0.7223 & 0.8712 & 0.9261 & 0.9455 & 0.9617  \ \hline
kp  16  &  0.4678 & 0.6985 & 0.8788 & 0.9216 & 0.9337 & 0.9492  \ \hline
kp  17  &  0.4955 & 0.7292 & 0.8943 & 0.9277 & 0.9409 & 0.9572  \ \hline
kp  18  &  0.4477 & 0.6966 & 0.8761 & 0.9186 & 0.9307 & 0.9439  \ \hline
kp  19  &  0.4761 & 0.7295 & 0.8894 & 0.9216 & 0.9345 & 0.9504  \ \hline
avg & &  0.4867 & 0.7163 & 0.8755 & 0.9218 & 0.9425 & 0.9570  \ \hline
test_models/model_01_e500_Actthes_150_seqLen_20_FE_SD_.hdf5
['02', '01', '03']
[]

(87, 20, 1083)
kp  1  &  0.3207 & 0.5316 & 0.7230 & 0.8218 & 0.8701 & 0.8989  \ \hline
kp  2  &  0.2322 & 0.4448 & 0.6437 & 0.7477 & 0.8178 & 0.8632  \ \hline
kp  3  &  0.3713 & 0.6351 & 0.8109 & 0.8770 & 0.9063 & 0.9305  \ \hline
kp  4  &  0.2592 & 0.4833 & 0.7029 & 0.8374 & 0.8799 & 0.9034  \ \hline
kp  5  &  0.2460 & 0.4241 & 0.6851 & 0.7989 & 0.8690 & 0.9080  \ \hline
kp  6  &  0.2121 & 0.3385 & 0.5615 & 0.6966 & 0.7879 & 0.8575  \ \hline
kp  7  &  0.3615 & 0.5937 & 0.8184 & 0.8920 & 0.9241 & 0.9448  \ \hline
kp  8  &  0.3598 & 0.5983 & 0.8316 & 0.9086 & 0.9305 & 0.9437  \ \hline
kp  9  &  0.3655 & 0.5885 & 0.7977 & 0.8816 & 0.9276 & 0.9448  \ \hline
kp  10  &  0.2747 & 0.4747 & 0.6695 & 0.7971 & 0.8557 & 0.8816  \ \hline
kp  11  &  0.2580 & 0.4511 & 0.6322 & 0.7603 & 0.8368 & 0.8822  \ \hline
kp  12  &  0.2178 & 0.3747 & 0.5937 & 0.7121 & 0.7862 & 0.8460  \ \hline
kp  13  &  0.3494 & 0.5672 & 0.7851 & 0.8690 & 0.9034 & 0.9264  \ \hline
kp  14  &  0.3420 & 0.5632 & 0.7764 & 0.8759 & 0.9161 & 0.9339  \ \hline
kp  15  &  0.2856 & 0.5155 & 0.7626 & 0.8764 & 0.9161 & 0.9414  \ \hline
kp  16  &  0.2552 & 0.4517 & 0.6489 & 0.7569 & 0.8305 & 0.8747  \ \hline
kp  17  &  0.2897 & 0.4931 & 0.6793 & 0.7925 & 0.8552 & 0.8960  \ \hline
kp  18  &  0.2270 & 0.4489 & 0.6305 & 0.7466 & 0.8195 & 0.8655  \ \hline
kp  19  &  0.2580 & 0.4902 & 0.6661 & 0.7747 & 0.8322 & 0.8713  \ \hline
avg & &  0.2887 & 0.4983 & 0.7063 & 0.8117 & 0.8666 & 0.9007  \ \hline
test_models/model_01_e500_Actthes_160_seqLen_20_FE_SD_.hdf5
['02', '01', '03']
[]
(407, 30, 52)
(407, 30, 1083)
kp  1  &  0.7084 & 0.8796 & 0.9500 & 0.9708 & 0.9815 & 0.9848  \ \hline
kp  2  &  0.5893 & 0.8159 & 0.9292 & 0.9533 & 0.9690 & 0.9781  \ \hline
kp  3  &  0.7377 & 0.8921 & 0.9649 & 0.9787 & 0.9817 & 0.9860  \ \hline
kp  4  &  0.6351 & 0.8316 & 0.9415 & 0.9681 & 0.9832 & 0.9876  \ \hline
kp  5  &  0.5681 & 0.7645 & 0.9062 & 0.9623 & 0.9822 & 0.9876  \ \hline
kp  6  &  0.3035 & 0.5404 & 0.7918 & 0.8986 & 0.9477 & 0.9672  \ \hline
kp  7  &  0.6672 & 0.8686 & 0.9558 & 0.9784 & 0.9864 & 0.9895  \ \hline
kp  8  &  0.5401 & 0.7755 & 0.9320 & 0.9712 & 0.9850 & 0.9886  \ \hline
kp  9  &  0.4113 & 0.6500 & 0.8695 & 0.9444 & 0.9746 & 0.9860  \ \hline
kp  10  &  0.5785 & 0.7766 & 0.9312 & 0.9672 & 0.9791 & 0.9814  \ \hline
kp  11  &  0.5399 & 0.7212 & 0.8627 & 0.9449 & 0.9705 & 0.9802  \ \hline
kp  12  &  0.3015 & 0.5587 & 0.8131 & 0.9156 & 0.9553 & 0.9705  \ \hline
kp  13  &  0.6359 & 0.8559 & 0.9574 & 0.9743 & 0.9795 & 0.9851  \ \hline
kp  14  &  0.5500 & 0.7819 & 0.9365 & 0.9686 & 0.9777 & 0.9835  \ \hline
kp  15  &  0.4493 & 0.6649 & 0.8867 & 0.9514 & 0.9711 & 0.9783  \ \hline
kp  16  &  0.6081 & 0.8233 & 0.9301 & 0.9547 & 0.9695 & 0.9804  \ \hline
kp  17  &  0.6661 & 0.8547 & 0.9400 & 0.9636 & 0.9775 & 0.9857  \ \hline
kp  18  &  0.5920 & 0.8143 & 0.9296 & 0.9527 & 0.9675 & 0.9770  \ \hline
kp  19  &  0.6271 & 0.8467 & 0.9408 & 0.9623 & 0.9710 & 0.9817  \ \hline
avg & &  0.5636 & 0.7745 & 0.9142 & 0.9569 & 0.9742 & 0.9821  \ \hline
test_models/model_01_e500_Actthes_120_seqLen_30_FE_SD_.hdf5
['02', '01', '03']
[]
(wisppn) Raths-MacBook-Pro:WiSPPN apple$ 
(340, 10, 52)
(340, 10, 1083)
kp  1  &  0.8141 & 0.9415 & 0.9876 & 0.9909 & 0.9965 & 0.9979  \ \hline
kp  2  &  0.7447 & 0.8982 & 0.9750 & 0.9903 & 0.9935 & 0.9953  \ \hline
kp  3  &  0.8135 & 0.9403 & 0.9868 & 0.9900 & 0.9953 & 0.9971  \ \hline
kp  4  &  0.7397 & 0.9032 & 0.9753 & 0.9909 & 0.9976 & 0.9988  \ \hline
kp  5  &  0.6912 & 0.8535 & 0.9479 & 0.9759 & 0.9882 & 0.9947  \ \hline
kp  6  &  0.5312 & 0.7153 & 0.8668 & 0.9382 & 0.9685 & 0.9853  \ \hline
kp  7  &  0.7618 & 0.9159 & 0.9815 & 0.9903 & 0.9959 & 0.9985  \ \hline
kp  8  &  0.6762 & 0.8553 & 0.9582 & 0.9809 & 0.9932 & 0.9956  \ \hline
kp  9  &  0.5682 & 0.7744 & 0.9109 & 0.9588 & 0.9826 & 0.9906  \ \hline
kp  10  &  0.7521 & 0.8944 & 0.9715 & 0.9874 & 0.9941 & 0.9956  \ \hline
kp  11  &  0.6965 & 0.8535 & 0.9432 & 0.9659 & 0.9809 & 0.9906  \ \hline
kp  12  &  0.5303 & 0.7174 & 0.8626 & 0.9294 & 0.9632 & 0.9806  \ \hline
kp  13  &  0.7712 & 0.9271 & 0.9797 & 0.9906 & 0.9941 & 0.9956  \ \hline
kp  14  &  0.6826 & 0.8679 & 0.9621 & 0.9841 & 0.9906 & 0.9935  \ \hline
kp  15  &  0.5885 & 0.7879 & 0.9326 & 0.9691 & 0.9844 & 0.9897  \ \hline
kp  16  &  0.7515 & 0.9029 & 0.9768 & 0.9897 & 0.9941 & 0.9962  \ \hline
kp  17  &  0.7829 & 0.9244 & 0.9797 & 0.9912 & 0.9974 & 0.9985  \ \hline
kp  18  &  0.7406 & 0.9003 & 0.9771 & 0.9882 & 0.9935 & 0.9956  \ \hline
kp  19  &  0.7706 & 0.9171 & 0.9785 & 0.9885 & 0.9947 & 0.9962  \ \hline
avg & &  0.7057 & 0.8679 & 0.9555 & 0.9784 & 0.9894 & 0.9940  \ \hline
test_models/model_01_e500_Actthes_120_seqLen_10_FE_SD_.hdf5
['02', '01', '03']
[]
(835, 15, 52)
(835, 15, 1083)
kp  1  &  0.6627 & 0.8349 & 0.9246 & 0.9462 & 0.9532 & 0.9604  \ \hline
kp  2  &  0.5198 & 0.7378 & 0.8822 & 0.9261 & 0.9429 & 0.9523  \ \hline
kp  3  &  0.6496 & 0.8414 & 0.9280 & 0.9480 & 0.9542 & 0.9648  \ \hline
kp  4  &  0.5314 & 0.7688 & 0.8973 & 0.9444 & 0.9548 & 0.9611  \ \hline
kp  5  &  0.4624 & 0.6613 & 0.8223 & 0.8904 & 0.9191 & 0.9380  \ \hline
kp  6  &  0.2679 & 0.4636 & 0.6955 & 0.8133 & 0.8776 & 0.9075  \ \hline
kp  7  &  0.5685 & 0.7785 & 0.9123 & 0.9507 & 0.9578 & 0.9645  \ \hline
kp  8  &  0.4735 & 0.6772 & 0.8461 & 0.9234 & 0.9541 & 0.9666  \ \hline
kp  9  &  0.3520 & 0.5608 & 0.7705 & 0.8638 & 0.9124 & 0.9432  \ \hline
kp  10  &  0.5166 & 0.7455 & 0.9082 & 0.9352 & 0.9464 & 0.9550  \ \hline
kp  11  &  0.4442 & 0.6477 & 0.8251 & 0.8943 & 0.9231 & 0.9471  \ \hline
kp  12  &  0.2558 & 0.4754 & 0.6876 & 0.8019 & 0.8656 & 0.9064  \ \hline
kp  13  &  0.5475 & 0.7971 & 0.9144 & 0.9408 & 0.9535 & 0.9608  \ \hline
kp  14  &  0.4476 & 0.6941 & 0.8739 & 0.9253 & 0.9463 & 0.9566  \ \hline
kp  15  &  0.3522 & 0.5679 & 0.7963 & 0.8966 & 0.9317 & 0.9472  \ \hline
kp  16  &  0.5285 & 0.7511 & 0.8888 & 0.9289 & 0.9460 & 0.9551  \ \hline
kp  17  &  0.5993 & 0.8026 & 0.9158 & 0.9448 & 0.9553 & 0.9601  \ \hline
kp  18  &  0.5173 & 0.7396 & 0.8835 & 0.9267 & 0.9432 & 0.9520  \ \hline
kp  19  &  0.5842 & 0.7915 & 0.9118 & 0.9367 & 0.9464 & 0.9545  \ \hline
avg & &  0.4885 & 0.7020 & 0.8571 & 0.9125 & 0.9360 & 0.9502  \ \hline
test_models/model_01_e1000_Actthes_120_seqLen_15_FE_SD_.hdf5
['02', '01']
['03']
(664, 10, 52)
(664, 10, 1083)
kp  1  &  0.6175 & 0.8098 & 0.9188 & 0.9384 & 0.9480 & 0.9583  \ \hline
kp  2  &  0.4920 & 0.7081 & 0.8640 & 0.9128 & 0.9315 & 0.9450  \ \hline
kp  3  &  0.6149 & 0.8184 & 0.9185 & 0.9399 & 0.9517 & 0.9636  \ \hline
kp  4  &  0.4806 & 0.7301 & 0.8995 & 0.9357 & 0.9471 & 0.9566  \ \hline
kp  5  &  0.4039 & 0.6139 & 0.8137 & 0.8812 & 0.9111 & 0.9327  \ \hline
kp  6  &  0.2630 & 0.4411 & 0.6577 & 0.7821 & 0.8559 & 0.8947  \ \hline
kp  7  &  0.5060 & 0.7352 & 0.9009 & 0.9387 & 0.9532 & 0.9619  \ \hline
kp  8  &  0.3870 & 0.6223 & 0.8226 & 0.9005 & 0.9349 & 0.9529  \ \hline
kp  9  &  0.3023 & 0.5133 & 0.7390 & 0.8318 & 0.8827 & 0.9194  \ \hline
kp  10  &  0.5081 & 0.7220 & 0.8736 & 0.9167 & 0.9345 & 0.9440  \ \hline
kp  11  &  0.4447 & 0.6509 & 0.8130 & 0.8678 & 0.8974 & 0.9238  \ \hline
kp  12  &  0.2396 & 0.4306 & 0.6679 & 0.7940 & 0.8643 & 0.9065  \ \hline
kp  13  &  0.5355 & 0.7803 & 0.9068 & 0.9279 & 0.9432 & 0.9568  \ \hline
kp  14  &  0.4273 & 0.6627 & 0.8630 & 0.9139 & 0.9373 & 0.9544  \ \hline
kp  15  &  0.3399 & 0.5498 & 0.7693 & 0.8693 & 0.9148 & 0.9417  \ \hline
kp  16  &  0.5062 & 0.7196 & 0.8690 & 0.9203 & 0.9361 & 0.9505  \ \hline
kp  17  &  0.5627 & 0.7726 & 0.9089 & 0.9363 & 0.9471 & 0.9541  \ \hline
kp  18  &  0.4928 & 0.7117 & 0.8664 & 0.9149 & 0.9315 & 0.9459  \ \hline
kp  19  &  0.5486 & 0.7658 & 0.8976 & 0.9218 & 0.9361 & 0.9514  \ \hline
avg & &  0.4565 & 0.6715 & 0.8405 & 0.8970 & 0.9241 & 0.9428  \ \hline
test_models/model_01_e500_Actthes_120_seqLen_10_FE_SD_.hdf5
['02', '01']
['03']
(2172, 10, 52)
(2172, 10, 1083)
kp  1  &  0.6612 & 0.8299 & 0.9165 & 0.9433 & 0.9541 & 0.9630  \ \hline
kp  2  &  0.5589 & 0.7610 & 0.8843 & 0.9230 & 0.9408 & 0.9523  \ \hline
kp  3  &  0.6487 & 0.8328 & 0.9223 & 0.9478 & 0.9607 & 0.9708  \ \hline
kp  4  &  0.5343 & 0.7595 & 0.9025 & 0.9427 & 0.9560 & 0.9675  \ \hline
kp  5  &  0.4797 & 0.6699 & 0.8397 & 0.9081 & 0.9378 & 0.9548  \ \hline
kp  6  &  0.3035 & 0.4873 & 0.6989 & 0.8286 & 0.8900 & 0.9257  \ \hline
kp  7  &  0.5609 & 0.7699 & 0.9097 & 0.9459 & 0.9613 & 0.9715  \ \hline
kp  8  &  0.4297 & 0.6571 & 0.8419 & 0.9216 & 0.9544 & 0.9688  \ \hline
kp  9  &  0.3113 & 0.5175 & 0.7430 & 0.8511 & 0.9102 & 0.9407  \ \hline
kp  10  &  0.5484 & 0.7630 & 0.8918 & 0.9309 & 0.9446 & 0.9540  \ \hline
kp  11  &  0.4744 & 0.6651 & 0.8236 & 0.8921 & 0.9221 & 0.9401  \ \hline
kp  12  &  0.2763 & 0.4541 & 0.6797 & 0.8069 & 0.8819 & 0.9211  \ \hline
kp  13  &  0.5534 & 0.7841 & 0.9057 & 0.9383 & 0.9547 & 0.9642  \ \hline
kp  14  &  0.4364 & 0.6660 & 0.8591 & 0.9220 & 0.9465 & 0.9589  \ \hline
kp  15  &  0.3339 & 0.5356 & 0.7657 & 0.8725 & 0.9227 & 0.9471  \ \hline
kp  16  &  0.5734 & 0.7663 & 0.8880 & 0.9265 & 0.9437 & 0.9548  \ \hline
kp  17  &  0.6250 & 0.8010 & 0.9097 & 0.9406 & 0.9523 & 0.9611  \ \hline
kp  18  &  0.5554 & 0.7606 & 0.8853 & 0.9234 & 0.9407 & 0.9510  \ \hline
kp  19  &  0.5994 & 0.7948 & 0.9023 & 0.9315 & 0.9455 & 0.9554  \ \hline
avg & &  0.4981 & 0.6987 & 0.8510 & 0.9104 & 0.9379 & 0.9538  \ \hline
test_models/model_01_e500_Actthes_80_seqLen_10_FE_SD_.hdf5
['02', '01']
['03']
kp  1  &  0.2194 & 0.3579 & 0.5159 & 0.6210 & 0.6947 & 0.7543  \ \hline
kp  2  &  0.2155 & 0.3641 & 0.5271 & 0.6287 & 0.7034 & 0.7576  \ \hline
kp  3  &  0.2167 & 0.3522 & 0.5125 & 0.6169 & 0.6905 & 0.7484  \ \hline
kp  4  &  0.1596 & 0.3047 & 0.4894 & 0.6058 & 0.6916 & 0.7536  \ \hline
kp  5  &  0.1264 & 0.2411 & 0.4073 & 0.5443 & 0.6476 & 0.7221  \ \hline
kp  6  &  0.1131 & 0.2162 & 0.3727 & 0.4932 & 0.5954 & 0.6710  \ \hline
kp  7  &  0.1952 & 0.3440 & 0.5167 & 0.6278 & 0.7085 & 0.7685  \ \hline
kp  8  &  0.1766 & 0.3293 & 0.5169 & 0.6359 & 0.7173 & 0.7781  \ \hline
kp  9  &  0.1573 & 0.2969 & 0.4933 & 0.6174 & 0.7023 & 0.7685  \ \hline
kp  10  &  0.1764 & 0.3194 & 0.4899 & 0.5967 & 0.6746 & 0.7324  \ \hline
kp  11  &  0.1301 & 0.2434 & 0.4130 & 0.5393 & 0.6328 & 0.6998  \ \hline
kp  12  &  0.1056 & 0.2101 & 0.3665 & 0.4851 & 0.5715 & 0.6401  \ \hline
kp  13  &  0.1892 & 0.3289 & 0.5103 & 0.6201 & 0.6965 & 0.7536  \ \hline
kp  14  &  0.1556 & 0.2892 & 0.4762 & 0.5951 & 0.6802 & 0.7422  \ \hline
kp  15  &  0.1295 & 0.2483 & 0.4233 & 0.5471 & 0.6379 & 0.7080  \ \hline
kp  16  &  0.2102 & 0.3616 & 0.5270 & 0.6305 & 0.7063 & 0.7608  \ \hline
kp  17  &  0.2029 & 0.3517 & 0.5215 & 0.6299 & 0.7046 & 0.7661  \ \hline
kp  18  &  0.2121 & 0.3612 & 0.5231 & 0.6252 & 0.6999 & 0.7549  \ \hline
kp  19  &  0.2058 & 0.3511 & 0.5118 & 0.6184 & 0.6938 & 0.7507  \ \hline
avg & &  0.1735 & 0.3090 & 0.4797 & 0.5936 & 0.6763 & 0.7385  \ \hline
test_models/model_01_e500_Actthes_120_seqLen_15_FE_SD_.hdf5
['05', '06']
['04']
kp  1  &  0.2757 & 0.3781 & 0.4614 & 0.5221 & 0.5777 & 0.6391  \ \hline
kp  2  &  0.2922 & 0.3919 & 0.4825 & 0.5450 & 0.5987 & 0.6495  \ \hline
kp  3  &  0.2722 & 0.3745 & 0.4614 & 0.5189 & 0.5755 & 0.6354  \ \hline
kp  4  &  0.2530 & 0.3371 & 0.4441 & 0.5125 & 0.5777 & 0.6406  \ \hline
kp  5  &  0.1386 & 0.2624 & 0.4019 & 0.4962 & 0.5731 & 0.6333  \ \hline
kp  6  &  0.0934 & 0.2165 & 0.3707 & 0.4650 & 0.5522 & 0.6257  \ \hline
kp  7  &  0.2629 & 0.3592 & 0.4602 & 0.5303 & 0.5998 & 0.6590  \ \hline
kp  8  &  0.2230 & 0.3421 & 0.4598 & 0.5454 & 0.6179 & 0.6874  \ \hline
kp  9  &  0.1563 & 0.2950 & 0.4413 & 0.5457 & 0.6309 & 0.7020  \ \hline
kp  10  &  0.2257 & 0.3121 & 0.4416 & 0.5141 & 0.5678 & 0.6260  \ \hline
kp  11  &  0.1808 & 0.2586 & 0.3657 & 0.4649 & 0.5379 & 0.6108  \ \hline
kp  12  &  0.1017 & 0.1966 & 0.3363 & 0.4543 & 0.5376 & 0.5898  \ \hline
kp  13  &  0.2305 & 0.3358 & 0.4530 & 0.5219 & 0.5797 & 0.6435  \ \hline
kp  14  &  0.1952 & 0.3046 & 0.4161 & 0.5025 & 0.5813 & 0.6655  \ \hline
kp  15  &  0.1631 & 0.2739 & 0.3879 & 0.4777 & 0.5774 & 0.6777  \ \hline
kp  16  &  0.2902 & 0.3911 & 0.4766 & 0.5390 & 0.5943 & 0.6485  \ \hline
kp  17  &  0.2807 & 0.3756 & 0.4618 & 0.5241 & 0.5806 & 0.6424  \ \hline
kp  18  &  0.2835 & 0.3828 & 0.4775 & 0.5414 & 0.5953 & 0.6476  \ \hline
kp  19  &  0.2642 & 0.3683 & 0.4643 & 0.5262 & 0.5820 & 0.6405  \ \hline
avg & &  0.2202 & 0.3240 & 0.4350 & 0.5130 & 0.5809 & 0.6455  \ \hline
test_models/model_01_e500_Actthes_70_seqLen_15_FE_SD_.hdf5
['06']
[]